<?xml version="1.0" encoding="UTF-8"?>
<coverage generated="1709558908550" clover="3.2.0">
  <project timestamp="1709558908550" name="All files">
    <metrics statements="129" coveredstatements="116" conditionals="35" coveredconditionals="25" methods="17" coveredmethods="14" elements="181" coveredelements="155" complexity="0" loc="129" ncloc="129" packages="1" files="1" classes="1"/>
    <file name="todo_submit.js" path="C:\Users\Hp\Desktop\TestToDo\todo_submit.js">
      <metrics statements="129" coveredstatements="116" conditionals="35" coveredconditionals="25" methods="17" coveredmethods="14"/>
      <line num="2" count="1" type="stmt"/>
      <line num="3" count="1" type="stmt"/>
      <line num="5" count="1" type="stmt"/>
      <line num="8" count="1" type="cond" truecount="2" falsecount="0"/>
      <line num="9" count="1" type="cond" truecount="2" falsecount="0"/>
      <line num="11" count="1" type="stmt"/>
      <line num="12" count="1" type="stmt"/>
      <line num="13" count="1" type="stmt"/>
      <line num="14" count="1" type="stmt"/>
      <line num="15" count="1" type="stmt"/>
      <line num="16" count="1" type="stmt"/>
      <line num="17" count="1" type="stmt"/>
      <line num="18" count="1" type="stmt"/>
      <line num="20" count="1" type="stmt"/>
      <line num="21" count="1" type="stmt"/>
      <line num="22" count="3" type="stmt"/>
      <line num="23" count="4" type="stmt"/>
      <line num="24" count="4" type="stmt"/>
      <line num="28" count="1" type="stmt"/>
      <line num="29" count="1" type="stmt"/>
      <line num="30" count="1" type="stmt"/>
      <line num="32" count="0" type="cond" truecount="0" falsecount="2"/>
      <line num="33" count="0" type="stmt"/>
      <line num="37" count="1" type="stmt"/>
      <line num="38" count="0" type="stmt"/>
      <line num="41" count="1" type="stmt"/>
      <line num="42" count="3" type="cond" truecount="2" falsecount="0"/>
      <line num="43" count="2" type="stmt"/>
      <line num="44" count="2" type="stmt"/>
      <line num="45" count="3" type="stmt"/>
      <line num="47" count="2" type="stmt"/>
      <line num="49" count="1" type="stmt"/>
      <line num="52" count="1" type="stmt"/>
      <line num="53" count="1" type="stmt"/>
      <line num="55" count="1" type="stmt"/>
      <line num="56" count="1" type="cond" truecount="1" falsecount="1"/>
      <line num="57" count="1" type="stmt"/>
      <line num="58" count="1" type="stmt"/>
      <line num="59" count="2" type="cond" truecount="1" falsecount="1"/>
      <line num="60" count="2" type="stmt"/>
      <line num="63" count="1" type="stmt"/>
      <line num="67" count="0" type="stmt"/>
      <line num="71" count="1" type="stmt"/>
      <line num="72" count="0" type="cond" truecount="0" falsecount="2"/>
      <line num="73" count="0" type="stmt"/>
      <line num="74" count="0" type="stmt"/>
      <line num="75" count="0" type="cond" truecount="0" falsecount="2"/>
      <line num="76" count="0" type="stmt"/>
      <line num="79" count="0" type="stmt"/>
      <line num="81" count="0" type="stmt"/>
      <line num="87" count="5" type="stmt"/>
      <line num="88" count="5" type="stmt"/>
      <line num="89" count="5" type="stmt"/>
      <line num="92" count="5" type="stmt"/>
      <line num="93" count="5" type="stmt"/>
      <line num="94" count="6" type="cond" truecount="2" falsecount="0"/>
      <line num="95" count="1" type="stmt"/>
      <line num="99" count="5" type="cond" truecount="5" falsecount="0"/>
      <line num="100" count="3" type="cond" truecount="2" falsecount="0"/>
      <line num="101" count="1" type="stmt"/>
      <line num="102" count="1" type="stmt"/>
      <line num="104" count="3" type="stmt"/>
      <line num="105" count="3" type="stmt"/>
      <line num="107" count="3" type="cond" truecount="2" falsecount="0"/>
      <line num="108" count="1" type="stmt"/>
      <line num="110" count="2" type="stmt"/>
      <line num="113" count="3" type="stmt"/>
      <line num="114" count="3" type="stmt"/>
      <line num="115" count="3" type="stmt"/>
      <line num="117" count="3" type="cond" truecount="2" falsecount="0"/>
      <line num="118" count="2" type="stmt"/>
      <line num="120" count="1" type="stmt"/>
      <line num="122" count="2" type="cond" truecount="2" falsecount="0"/>
      <line num="123" count="1" type="stmt"/>
      <line num="124" count="1" type="stmt"/>
      <line num="125" count="1" type="stmt"/>
      <line num="127" count="1" type="stmt"/>
      <line num="128" count="1" type="stmt"/>
      <line num="133" count="5" type="cond" truecount="1" falsecount="1"/>
      <line num="134" count="5" type="stmt"/>
      <line num="144" count="5" type="stmt"/>
      <line num="146" count="0" type="stmt"/>
      <line num="156" count="0" type="stmt"/>
      <line num="161" count="8" type="stmt"/>
      <line num="162" count="8" type="stmt"/>
      <line num="163" count="8" type="stmt"/>
      <line num="165" count="8" type="stmt"/>
      <line num="166" count="8" type="stmt"/>
      <line num="167" count="8" type="stmt"/>
      <line num="169" count="8" type="stmt"/>
      <line num="170" count="8" type="stmt"/>
      <line num="173" count="8" type="stmt"/>
      <line num="174" count="2" type="stmt"/>
      <line num="179" count="2" type="stmt"/>
      <line num="180" count="2" type="stmt"/>
      <line num="182" count="2" type="stmt"/>
      <line num="183" count="2" type="stmt"/>
      <line num="184" count="2" type="stmt"/>
      <line num="185" count="2" type="stmt"/>
      <line num="187" count="2" type="stmt"/>
      <line num="188" count="2" type="stmt"/>
      <line num="189" count="2" type="stmt"/>
      <line num="190" count="2" type="stmt"/>
      <line num="192" count="2" type="stmt"/>
      <line num="193" count="2" type="stmt"/>
      <line num="194" count="2" type="stmt"/>
      <line num="196" count="2" type="stmt"/>
      <line num="197" count="2" type="stmt"/>
      <line num="198" count="2" type="stmt"/>
      <line num="199" count="2" type="stmt"/>
      <line num="201" count="2" type="stmt"/>
      <line num="202" count="2" type="stmt"/>
      <line num="203" count="2" type="stmt"/>
      <line num="204" count="2" type="stmt"/>
      <line num="206" count="2" type="stmt"/>
      <line num="209" count="2" type="stmt"/>
      <line num="212" count="2" type="stmt"/>
      <line num="213" count="1" type="stmt"/>
      <line num="214" count="1" type="stmt"/>
      <line num="217" count="2" type="stmt"/>
      <line num="218" count="1" type="stmt"/>
      <line num="219" count="1" type="stmt"/>
      <line num="224" count="4" type="stmt"/>
      <line num="225" count="4" type="stmt"/>
      <line num="226" count="4" type="stmt"/>
      <line num="227" count="4" type="stmt"/>
      <line num="228" count="4" type="stmt"/>
      <line num="229" count="4" type="stmt"/>
      <line num="241" count="1" type="stmt"/>
    </file>
  </project>
</coverage>
