{"C:\\Users\\Hp\\Desktop\\TestToDo\\aaaa.js": {"path":"C:\\Users\\Hp\\Desktop\\TestToDo\\aaaa.js","statementMap":{"0":{"start":{"line":1,"column":0},"end":{"line":11,"column":3}},"1":{"start":{"line":2,"column":17},"end":{"line":2,"column":56}},"2":{"start":{"line":3,"column":4},"end":{"line":3,"column":19}},"3":{"start":{"line":4,"column":16},"end":{"line":4,"column":51}},"4":{"start":{"line":5,"column":4},"end":{"line":10,"column":7}},"5":{"start":{"line":6,"column":8},"end":{"line":6,"column":31}},"6":{"start":{"line":7,"column":8},"end":{"line":7,"column":36}},"7":{"start":{"line":8,"column":8},"end":{"line":8,"column":34}},"8":{"start":{"line":9,"column":8},"end":{"line":9,"column":48}},"9":{"start":{"line":14,"column":20},"end":{"line":14,"column":58}},"10":{"start":{"line":15,"column":4},"end":{"line":15,"column":53}},"11":{"start":{"line":16,"column":4},"end":{"line":26,"column":5}},"12":{"start":{"line":17,"column":8},"end":{"line":23,"column":9}},"13":{"start":{"line":18,"column":12},"end":{"line":18,"column":64}},"14":{"start":{"line":19,"column":15},"end":{"line":23,"column":9}},"15":{"start":{"line":20,"column":12},"end":{"line":20,"column":61}},"16":{"start":{"line":22,"column":12},"end":{"line":22,"column":70}},"17":{"start":{"line":25,"column":8},"end":{"line":25,"column":37}},"18":{"start":{"line":30,"column":22},"end":{"line":30,"column":62}},"19":{"start":{"line":31,"column":4},"end":{"line":31,"column":52}},"20":{"start":{"line":32,"column":4},"end":{"line":42,"column":5}},"21":{"start":{"line":33,"column":8},"end":{"line":39,"column":9}},"22":{"start":{"line":34,"column":12},"end":{"line":34,"column":66}},"23":{"start":{"line":35,"column":15},"end":{"line":39,"column":9}},"24":{"start":{"line":36,"column":12},"end":{"line":36,"column":65}},"25":{"start":{"line":38,"column":12},"end":{"line":38,"column":58}},"26":{"start":{"line":41,"column":8},"end":{"line":41,"column":39}},"27":{"start":{"line":46,"column":4},"end":{"line":48,"column":5}},"28":{"start":{"line":47,"column":8},"end":{"line":47,"column":54}},"29":{"start":{"line":51,"column":0},"end":{"line":51,"column":63}}},"fnMap":{"0":{"name":"(anonymous_0)","decl":{"start":{"line":1,"column":46},"end":{"line":1,"column":47}},"loc":{"start":{"line":1,"column":51},"end":{"line":11,"column":1}},"line":1},"1":{"name":"(anonymous_1)","decl":{"start":{"line":5,"column":67},"end":{"line":5,"column":68}},"loc":{"start":{"line":5,"column":84},"end":{"line":10,"column":5}},"line":5},"2":{"name":"mobile_submit","decl":{"start":{"line":13,"column":9},"end":{"line":13,"column":22}},"loc":{"start":{"line":13,"column":36},"end":{"line":27,"column":1}},"line":13},"3":{"name":"passw_submit","decl":{"start":{"line":29,"column":9},"end":{"line":29,"column":21}},"loc":{"start":{"line":29,"column":37},"end":{"line":43,"column":1}},"line":29},"4":{"name":"login_submit","decl":{"start":{"line":45,"column":9},"end":{"line":45,"column":21}},"loc":{"start":{"line":45,"column":50},"end":{"line":49,"column":1}},"line":45}},"branchMap":{"0":{"loc":{"start":{"line":16,"column":4},"end":{"line":26,"column":5}},"type":"if","locations":[{"start":{"line":16,"column":4},"end":{"line":26,"column":5}},{"start":{"line":24,"column":11},"end":{"line":26,"column":5}}],"line":16},"1":{"loc":{"start":{"line":17,"column":8},"end":{"line":23,"column":9}},"type":"if","locations":[{"start":{"line":17,"column":8},"end":{"line":23,"column":9}},{"start":{"line":19,"column":15},"end":{"line":23,"column":9}}],"line":17},"2":{"loc":{"start":{"line":19,"column":15},"end":{"line":23,"column":9}},"type":"if","locations":[{"start":{"line":19,"column":15},"end":{"line":23,"column":9}},{"start":{"line":21,"column":15},"end":{"line":23,"column":9}}],"line":19},"3":{"loc":{"start":{"line":32,"column":4},"end":{"line":42,"column":5}},"type":"if","locations":[{"start":{"line":32,"column":4},"end":{"line":42,"column":5}},{"start":{"line":40,"column":11},"end":{"line":42,"column":5}}],"line":32},"4":{"loc":{"start":{"line":33,"column":8},"end":{"line":39,"column":9}},"type":"if","locations":[{"start":{"line":33,"column":8},"end":{"line":39,"column":9}},{"start":{"line":35,"column":15},"end":{"line":39,"column":9}}],"line":33},"5":{"loc":{"start":{"line":35,"column":15},"end":{"line":39,"column":9}},"type":"if","locations":[{"start":{"line":35,"column":15},"end":{"line":39,"column":9}},{"start":{"line":37,"column":15},"end":{"line":39,"column":9}}],"line":35},"6":{"loc":{"start":{"line":46,"column":4},"end":{"line":48,"column":5}},"type":"if","locations":[{"start":{"line":46,"column":4},"end":{"line":48,"column":5}},{"start":{},"end":{}}],"line":46},"7":{"loc":{"start":{"line":46,"column":8},"end":{"line":46,"column":65}},"type":"binary-expr","locations":[{"start":{"line":46,"column":8},"end":{"line":46,"column":35}},{"start":{"line":46,"column":39},"end":{"line":46,"column":65}}],"line":46}},"s":{"0":1,"1":0,"2":0,"3":0,"4":0,"5":0,"6":0,"7":0,"8":0,"9":9,"10":9,"11":9,"12":8,"13":4,"14":4,"15":3,"16":1,"17":1,"18":9,"19":9,"20":9,"21":8,"22":2,"23":6,"24":1,"25":5,"26":1,"27":5,"28":2,"29":1},"f":{"0":0,"1":0,"2":9,"3":9,"4":5},"b":{"0":[8,1],"1":[4,4],"2":[3,1],"3":[8,1],"4":[2,6],"5":[1,5],"6":[2,3],"7":[5,3]},"_coverageSchema":"1a1c01bbd47fc00a2c39e90264f33305004495a9","hash":"c8a45d4af6523c0c713c1600e66aed34d2e6e4dc"}
}
