{"C:\\Users\\Hp\\Desktop\\TestToDo\\aaaa.js": {"path":"C:\\Users\\Hp\\Desktop\\TestToDo\\aaaa.js","statementMap":{"0":{"start":{"line":2,"column":4},"end":{"line":4,"column":5}},"1":{"start":{"line":3,"column":8},"end":{"line":3,"column":52}},"2":{"start":{"line":8,"column":4},"end":{"line":8,"column":31}},"3":{"start":{"line":11,"column":0},"end":{"line":11,"column":48}}},"fnMap":{"0":{"name":"login_submit","decl":{"start":{"line":1,"column":9},"end":{"line":1,"column":21}},"loc":{"start":{"line":1,"column":50},"end":{"line":5,"column":1}},"line":1},"1":{"name":"call_twitter","decl":{"start":{"line":7,"column":9},"end":{"line":7,"column":21}},"loc":{"start":{"line":7,"column":27},"end":{"line":9,"column":1}},"line":7}},"branchMap":{"0":{"loc":{"start":{"line":2,"column":4},"end":{"line":4,"column":5}},"type":"if","locations":[{"start":{"line":2,"column":4},"end":{"line":4,"column":5}},{"start":{},"end":{}}],"line":2},"1":{"loc":{"start":{"line":2,"column":8},"end":{"line":2,"column":65}},"type":"binary-expr","locations":[{"start":{"line":2,"column":8},"end":{"line":2,"column":35}},{"start":{"line":2,"column":39},"end":{"line":2,"column":65}}],"line":2}},"s":{"0":5,"1":2,"2":1,"3":1},"f":{"0":5,"1":1},"b":{"0":[2,3],"1":[5,3]},"_coverageSchema":"1a1c01bbd47fc00a2c39e90264f33305004495a9","hash":"bad08bdfac78eefb7ea8dba61f715b0ddbd5b34f"}
}
