TN:
SF:aaaa.js
FN:1,(anonymous_0)
FN:5,(anonymous_1)
FN:13,mobile_submit
FN:29,passw_submit
FN:45,login_submit
FNF:5
FNH:3
FNDA:0,(anonymous_0)
FNDA:0,(anonymous_1)
FNDA:9,mobile_submit
FNDA:9,passw_submit
FNDA:5,login_submit
DA:1,1
DA:2,0
DA:3,0
DA:4,0
DA:5,0
DA:6,0
DA:7,0
DA:8,0
DA:9,0
DA:14,9
DA:15,9
DA:16,9
DA:17,8
DA:18,4
DA:19,4
DA:20,3
DA:22,1
DA:25,1
DA:30,9
DA:31,9
DA:32,9
DA:33,8
DA:34,2
DA:35,6
DA:36,1
DA:38,5
DA:41,1
DA:46,5
DA:47,2
DA:51,1
LF:30
LH:22
BRDA:16,0,0,8
BRDA:16,0,1,1
BRDA:17,1,0,4
BRDA:17,1,1,4
BRDA:19,2,0,3
BRDA:19,2,1,1
BRDA:32,3,0,8
BRDA:32,3,1,1
BRDA:33,4,0,2
BRDA:33,4,1,6
BRDA:35,5,0,1
BRDA:35,5,1,5
BRDA:46,6,0,2
BRDA:46,6,1,3
BRDA:46,7,0,5
BRDA:46,7,1,3
BRF:16
BRH:16
end_of_record
