TN:
SF:todo_submit2.js
FN:19,(anonymous_0)
FN:29,(anonymous_1)
FN:30,(anonymous_2)
FN:38,(anonymous_3)
FN:45,(anonymous_4)
FN:49,(anonymous_5)
FN:63,(anonymous_6)
FN:79,(anonymous_7)
FN:94,submitTask
FN:140,display
FN:168,(anonymous_10)
FN:184,(anonymous_11)
FN:210,(anonymous_12)
FN:234,(anonymous_13)
FN:249,(anonymous_14)
FN:264,(anonymous_15)
FN:296,(anonymous_16)
FN:317,showNotification
FN:330,(anonymous_18)
FN:335,(anonymous_19)
FN:365,removeConfirmationBox
FN:369,(anonymous_21)
FN:374,(anonymous_22)
FN:380,counts
FNF:24
FNH:20
FNDA:14,(anonymous_0)
FNDA:42,(anonymous_1)
FNDA:19,(anonymous_2)
FNDA:1,(anonymous_3)
FNDA:1,(anonymous_4)
FNDA:16,(anonymous_5)
FNDA:2,(anonymous_6)
FNDA:1,(anonymous_7)
FNDA:8,submitTask
FNDA:58,display
FNDA:2,(anonymous_10)
FNDA:0,(anonymous_11)
FNDA:0,(anonymous_12)
FNDA:2,(anonymous_13)
FNDA:2,(anonymous_14)
FNDA:0,(anonymous_15)
FNDA:0,(anonymous_16)
FNDA:16,showNotification
FNDA:2,(anonymous_18)
FNDA:2,(anonymous_19)
FNDA:2,removeConfirmationBox
FNDA:1,(anonymous_21)
FNDA:1,(anonymous_22)
FNDA:18,counts
DA:2,1
DA:3,1
DA:5,1
DA:8,1
DA:9,1
DA:19,1
DA:20,14
DA:21,14
DA:22,14
DA:23,14
DA:24,14
DA:25,14
DA:26,14
DA:28,14
DA:29,14
DA:30,42
DA:31,19
DA:32,19
DA:36,14
DA:37,14
DA:38,14
DA:40,1
DA:41,1
DA:45,14
DA:46,1
DA:49,14
DA:50,16
DA:51,16
DA:52,16
DA:53,52
DA:55,16
DA:57,0
DA:60,14
DA:61,14
DA:63,14
DA:64,2
DA:65,2
DA:66,2
DA:67,7
DA:68,5
DA:71,2
DA:75,0
DA:79,14
DA:80,1
DA:81,1
DA:82,1
DA:83,1
DA:84,1
DA:87,1
DA:89,0
DA:95,8
DA:96,8
DA:97,8
DA:100,8
DA:101,8
DA:102,23
DA:103,2
DA:107,8
DA:108,3
DA:109,1
DA:110,1
DA:112,3
DA:113,3
DA:115,3
DA:116,1
DA:118,2
DA:121,3
DA:122,3
DA:123,3
DA:125,3
DA:126,2
DA:128,1
DA:130,5
DA:131,3
DA:132,3
DA:133,3
DA:135,2
DA:136,2
DA:141,58
DA:142,41
DA:152,41
DA:154,17
DA:164,17
DA:168,1
DA:170,2
DA:175,2
DA:176,0
DA:181,0
DA:185,0
DA:186,0
DA:187,0
DA:191,0
DA:192,0
DA:193,0
DA:194,0
DA:196,0
DA:197,0
DA:202,0
DA:207,0
DA:211,0
DA:212,0
DA:213,0
DA:217,0
DA:218,0
DA:219,0
DA:220,0
DA:222,0
DA:223,0
DA:230,2
DA:234,1
DA:236,2
DA:240,2
DA:241,1
DA:242,1
DA:243,1
DA:245,1
DA:249,1
DA:251,2
DA:254,2
DA:255,0
DA:261,0
DA:265,0
DA:266,0
DA:267,0
DA:271,0
DA:272,0
DA:276,0
DA:277,0
DA:278,0
DA:279,0
DA:281,0
DA:282,0
DA:287,0
DA:293,0
DA:297,0
DA:298,0
DA:299,0
DA:300,0
DA:301,0
DA:302,0
DA:303,0
DA:305,0
DA:306,0
DA:313,2
DA:318,16
DA:319,16
DA:320,16
DA:322,16
DA:323,16
DA:324,16
DA:326,16
DA:327,16
DA:330,16
DA:331,2
DA:335,1
DA:336,2
DA:337,2
DA:339,2
DA:340,2
DA:341,2
DA:342,2
DA:344,2
DA:345,2
DA:346,2
DA:347,2
DA:349,2
DA:350,2
DA:351,2
DA:353,2
DA:354,2
DA:355,2
DA:356,2
DA:358,2
DA:359,2
DA:360,2
DA:361,2
DA:363,2
DA:366,2
DA:369,2
DA:370,1
DA:371,1
DA:374,2
DA:375,1
DA:376,1
DA:381,18
DA:382,18
DA:383,18
DA:384,18
DA:385,18
DA:386,18
DA:398,1
LF:191
LH:142
BRDA:8,0,0,1
BRDA:8,0,1,1
BRDA:9,1,0,1
BRDA:9,1,1,1
BRDA:40,2,0,1
BRDA:40,2,1,0
BRDA:50,3,0,16
BRDA:50,3,1,0
BRDA:64,4,0,2
BRDA:64,4,1,0
BRDA:67,5,0,5
BRDA:67,5,1,2
BRDA:72,6,0,2
BRDA:72,6,1,0
BRDA:80,7,0,1
BRDA:80,7,1,0
BRDA:83,8,0,1
BRDA:83,8,1,0
BRDA:102,9,0,2
BRDA:102,9,1,21
BRDA:107,10,0,3
BRDA:107,10,1,5
BRDA:107,11,0,8
BRDA:107,11,1,6
BRDA:107,11,2,3
BRDA:108,12,0,1
BRDA:108,12,1,2
BRDA:115,13,0,1
BRDA:115,13,1,2
BRDA:125,14,0,2
BRDA:125,14,1,1
BRDA:130,15,0,3
BRDA:130,15,1,2
BRDA:141,16,0,41
BRDA:141,16,1,17
BRDA:175,17,0,0
BRDA:175,17,1,2
BRDA:176,18,0,0
BRDA:176,18,1,0
BRDA:177,19,0,0
BRDA:177,19,1,0
BRDA:177,19,2,0
BRDA:185,20,0,0
BRDA:185,20,1,0
BRDA:192,21,0,0
BRDA:192,21,1,0
BRDA:202,22,0,0
BRDA:202,22,1,0
BRDA:203,23,0,0
BRDA:203,23,1,0
BRDA:203,23,2,0
BRDA:211,24,0,0
BRDA:211,24,1,0
BRDA:218,25,0,0
BRDA:218,25,1,0
BRDA:240,26,0,1
BRDA:240,26,1,1
BRDA:254,27,0,0
BRDA:254,27,1,2
BRDA:255,28,0,0
BRDA:255,28,1,0
BRDA:256,29,0,0
BRDA:256,29,1,0
BRDA:256,29,2,0
BRDA:265,30,0,0
BRDA:265,30,1,0
BRDA:277,31,0,0
BRDA:277,31,1,0
BRDA:287,32,0,0
BRDA:287,32,1,0
BRDA:288,33,0,0
BRDA:288,33,1,0
BRDA:288,33,2,0
BRDA:297,34,0,0
BRDA:297,34,1,0
BRDA:301,35,0,0
BRDA:301,35,1,0
BRF:77
BRH:33
end_of_record
